TN:
SF:/Users/cliffano/dev/workspace/sendman/lib/cli.js
FN:5,_init
FN:10,_send
FN:20,exec
FNF:3
FNH:3
FNDA:1,_init
FNDA:2,_send
FNDA:4,exec
DA:1,1
DA:2,1
DA:3,1
DA:5,1
DA:6,1
DA:7,1
DA:10,1
DA:11,2
DA:12,2
DA:14,2
DA:20,1
DA:22,4
DA:29,4
DA:32,1
LF:14
LH:14
BRDA:12,1,0,2
BRDA:12,1,1,1
BRDA:14,2,0,2
BRDA:14,2,1,1
BRF:4
BRH:4
end_of_record
TN:
SF:/Users/cliffano/dev/workspace/sendman/lib/sendman.js
FN:12,Sendman
FN:20,(anonymous_2)
FN:30,(anonymous_3)
FN:40,(anonymous_4)
FN:64,(anonymous_5)
FN:85,(anonymous_6)
FN:103,(anonymous_7)
FN:139,(anonymous_8)
FN:171,(anonymous_9)
FNF:9
FNH:9
FNDA:13,Sendman
FNDA:1,(anonymous_2)
FNDA:5,(anonymous_3)
FNDA:1,(anonymous_4)
FNDA:1,(anonymous_5)
FNDA:1,(anonymous_6)
FNDA:1,(anonymous_7)
FNDA:2,(anonymous_8)
FNDA:2,(anonymous_9)
DA:1,2
DA:2,2
DA:3,2
DA:4,2
DA:5,2
DA:6,2
DA:7,2
DA:12,1
DA:20,2
DA:21,1
DA:30,2
DA:32,5
DA:33,5
DA:35,5
DA:38,5
DA:39,1
DA:40,1
DA:41,1
DA:45,5
DA:46,4
DA:48,1
DA:64,2
DA:66,1
DA:67,1
DA:70,1
DA:71,1
DA:74,1
DA:75,1
DA:78,1
DA:79,1
DA:80,1
DA:81,1
DA:84,1
DA:85,1
DA:86,1
DA:88,1
DA:103,2
DA:105,1
DA:108,1
DA:109,1
DA:112,1
DA:115,1
DA:116,1
DA:117,1
DA:118,1
DA:121,1
DA:122,1
DA:139,2
DA:142,2
DA:144,1
DA:145,1
DA:148,1
DA:149,1
DA:150,1
DA:151,1
DA:152,1
DA:153,1
DA:154,1
DA:159,1
DA:160,1
DA:163,1
DA:164,1
DA:165,1
DA:169,2
DA:171,2
DA:172,2
DA:173,2
DA:174,1
DA:176,2
DA:177,1
DA:179,2
DA:184,2
DA:188,2
LF:73
LH:73
BRDA:38,1,0,1
BRDA:38,1,1,4
BRDA:45,2,0,4
BRDA:45,2,1,1
BRDA:74,3,0,1
BRDA:74,3,1,1
BRDA:75,4,0,1
BRDA:75,4,1,1
BRDA:112,5,0,1
BRDA:112,5,1,1
BRDA:142,6,0,1
BRDA:142,6,1,1
BRDA:173,7,0,1
BRDA:173,7,1,1
BRDA:176,8,0,1
BRDA:176,8,1,1
BRF:16
BRH:16
end_of_record
